<?xml version="1.0" encoding="UTF-8"?>
<!-- Generated by org.testng.reporters.JUnitXMLReporter -->
<testsuite ignored="0" hostname="LAPTOP-62LRSUPR" failures="0" tests="2" name="Default test" time="74.786" errors="0" timestamp="2023-03-27T12:24:15 IST">
  <testcase classname="org.virtusaappiumtraining.AppiumFrameworkDesign.eCommerce_tc_1" name="FormSubmitionErrorValidation" time="6.71"/>
  <testcase classname="org.virtusaappiumtraining.AppiumFrameworkDesign.eCommerce_tc_1" name="PositiveFormSubmition" time="26.603"/>
</testsuite> <!-- Default test -->
