<?xml version="1.0" encoding="UTF-8"?>
<!-- Generated by org.testng.reporters.JUnitXMLReporter -->
<testsuite ignored="0" hostname="LAPTOP-62LRSUPR" failures="0" tests="2" name="FormPageValidation" time="22.969" errors="0" timestamp="2023-03-26T20:21:24 IST">
  <testcase classname="org.virtusaappiumtraining.AppiumFrameworkDesign.eCommerce_tc_1" name="FormSubmitionErrorValidation" time="0.001">
    <skipped/>
  </testcase> <!-- FormSubmitionErrorValidation -->
  <testcase classname="org.virtusaappiumtraining.AppiumFrameworkDesign.eCommerce_tc_1" name="PositiveFormSubmition" time="0.0">
    <skipped/>
  </testcase> <!-- PositiveFormSubmition -->
</testsuite> <!-- FormPageValidation -->
