<?xml version="1.0" encoding="UTF-8"?>
<testng-results ignored="0" total="2" passed="2" failed="0" skipped="0">
  <reporter-output>
  </reporter-output>
  <suite started-at="2023-03-27T12:23:00 IST" name="Default suite" finished-at="2023-03-27T12:24:14 IST" duration-ms="74786">
    <groups>
    </groups>
    <test started-at="2023-03-27T12:23:00 IST" name="Default test" finished-at="2023-03-27T12:24:14 IST" duration-ms="74786">
      <class name="org.virtusaappiumtraining.AppiumFrameworkDesign.eCommerce_tc_1">
        <test-method is-config="true" signature="ConfigureAppium()[pri:0, instance:org.virtusaappiumtraining.AppiumFrameworkDesign.eCommerce_tc_1@692f203f]" started-at="2023-03-27T12:23:00 IST" name="ConfigureAppium" finished-at="2023-03-27T12:23:41 IST" duration-ms="40934" status="PASS">
          <reporter-output>
          </reporter-output>
        </test-method> <!-- ConfigureAppium -->
        <test-method signature="FormSubmitionErrorValidation()[pri:0, instance:org.virtusaappiumtraining.AppiumFrameworkDesign.eCommerce_tc_1@692f203f]" started-at="2023-03-27T12:23:41 IST" name="FormSubmitionErrorValidation" finished-at="2023-03-27T12:23:47 IST" duration-ms="6710" status="PASS">
          <reporter-output>
          </reporter-output>
        </test-method> <!-- FormSubmitionErrorValidation -->
        <test-method signature="PositiveFormSubmition(java.lang.String,java.lang.String,java.lang.String)[pri:0, instance:org.virtusaappiumtraining.AppiumFrameworkDesign.eCommerce_tc_1@692f203f]" started-at="2023-03-27T12:23:47 IST" name="PositiveFormSubmition" data-provider="getData" finished-at="2023-03-27T12:24:14 IST" duration-ms="26603" status="PASS">
          <params>
            <param index="0">
              <value>
                <![CDATA[Soumya]]>
              </value>
            </param>
            <param index="1">
              <value>
                <![CDATA[female]]>
              </value>
            </param>
            <param index="2">
              <value>
                <![CDATA[Australia]]>
              </value>
            </param>
          </params>
          <reporter-output>
          </reporter-output>
        </test-method> <!-- PositiveFormSubmition -->
        <test-method is-config="true" signature="Teardown()[pri:0, instance:org.virtusaappiumtraining.AppiumFrameworkDesign.eCommerce_tc_1@692f203f]" started-at="2023-03-27T12:24:14 IST" name="Teardown" finished-at="2023-03-27T12:24:14 IST" duration-ms="481" status="PASS">
          <reporter-output>
          </reporter-output>
        </test-method> <!-- Teardown -->
      </class> <!-- org.virtusaappiumtraining.AppiumFrameworkDesign.eCommerce_tc_1 -->
    </test> <!-- Default test -->
  </suite> <!-- Default suite -->
</testng-results>
